Performing C SOURCE FILE Test CMAKE_HAVE_LIBC_PTHREAD failed with the following output:
Change Dir: /share/home/jliou4/genetic-programming/cuda_evolve/cuinj/build/CMakeFiles/CMakeTmp

Run Build Command(s):/usr/bin/make cmTC_273bc/fast && /usr/bin/make  -f CMakeFiles/cmTC_273bc.dir/build.make CMakeFiles/cmTC_273bc.dir/build
make[1]: Entering directory '/share/home/jliou4/genetic-programming/cuda_evolve/cuinj/build/CMakeFiles/CMakeTmp'
Building C object CMakeFiles/cmTC_273bc.dir/src.c.o
/usr/bin/cc   -DCMAKE_HAVE_LIBC_PTHREAD   -o CMakeFiles/cmTC_273bc.dir/src.c.o   -c /share/home/jliou4/genetic-programming/cuda_evolve/cuinj/build/CMakeFiles/CMakeTmp/src.c
Linking C executable cmTC_273bc
/opt/cmake-3.17.3-Linux-x86_64/bin/cmake -E cmake_link_script CMakeFiles/cmTC_273bc.dir/link.txt --verbose=1
/usr/bin/cc  -DCMAKE_HAVE_LIBC_PTHREAD    CMakeFiles/cmTC_273bc.dir/src.c.o  -o cmTC_273bc 
/usr/bin/ld: CMakeFiles/cmTC_273bc.dir/src.c.o: in function `main':
src.c:(.text+0x46): undefined reference to `pthread_create'
/usr/bin/ld: src.c:(.text+0x52): undefined reference to `pthread_detach'
/usr/bin/ld: src.c:(.text+0x5e): undefined reference to `pthread_cancel'
/usr/bin/ld: src.c:(.text+0x6f): undefined reference to `pthread_join'
collect2: error: ld returned 1 exit status
make[1]: *** [CMakeFiles/cmTC_273bc.dir/build.make:107: cmTC_273bc] Error 1
make[1]: Leaving directory '/share/home/jliou4/genetic-programming/cuda_evolve/cuinj/build/CMakeFiles/CMakeTmp'
make: *** [Makefile:141: cmTC_273bc/fast] Error 2


Source file was:
#include <pthread.h>

void* test_func(void* data)
{
  return data;
}

int main(void)
{
  pthread_t thread;
  pthread_create(&thread, NULL, test_func, NULL);
  pthread_detach(thread);
  pthread_cancel(thread);
  pthread_join(thread, NULL);
  pthread_atfork(NULL, NULL, NULL);
  pthread_exit(NULL);

  return 0;
}

Determining if the function pthread_create exists in the pthreads failed with the following output:
Change Dir: /share/home/jliou4/genetic-programming/cuda_evolve/cuinj/build/CMakeFiles/CMakeTmp

Run Build Command(s):/usr/bin/make cmTC_83e60/fast && /usr/bin/make  -f CMakeFiles/cmTC_83e60.dir/build.make CMakeFiles/cmTC_83e60.dir/build
make[1]: Entering directory '/share/home/jliou4/genetic-programming/cuda_evolve/cuinj/build/CMakeFiles/CMakeTmp'
Building C object CMakeFiles/cmTC_83e60.dir/CheckFunctionExists.c.o
/usr/bin/cc   -DCHECK_FUNCTION_EXISTS=pthread_create   -o CMakeFiles/cmTC_83e60.dir/CheckFunctionExists.c.o   -c /opt/cmake-3.17.3-Linux-x86_64/share/cmake-3.17/Modules/CheckFunctionExists.c
Linking C executable cmTC_83e60
/opt/cmake-3.17.3-Linux-x86_64/bin/cmake -E cmake_link_script CMakeFiles/cmTC_83e60.dir/link.txt --verbose=1
/usr/bin/cc  -DCHECK_FUNCTION_EXISTS=pthread_create    CMakeFiles/cmTC_83e60.dir/CheckFunctionExists.c.o  -o cmTC_83e60  -lpthreads 
/usr/bin/ld: cannot find -lpthreads
collect2: error: ld returned 1 exit status
make[1]: *** [CMakeFiles/cmTC_83e60.dir/build.make:107: cmTC_83e60] Error 1
make[1]: Leaving directory '/share/home/jliou4/genetic-programming/cuda_evolve/cuinj/build/CMakeFiles/CMakeTmp'
make: *** [Makefile:141: cmTC_83e60/fast] Error 2



