16:04:12, 662 __main__ INFO [ cli.py-23-                info() ]  : FHIRPACK: execution started
16:04:12, 662 fhirpack.pack INFO [ pack.py-38-            __init__() ]  : PACK initialization started.
16:04:13, 685 fhirpack.pack INFO [ pack.py-62-            __init__() ]  : pack initialization finished
16:04:21, 115 __main__ INFO [ cli.py-23-                info() ]  : FHIRPACK: execution ended.
16:04:21, 978 fhirpack.cli INFO [ cli.py-23-                info() ]  : FHIRPACK: execution started
16:04:21, 978 fhirpack.pack INFO [ pack.py-38-            __init__() ]  : PACK initialization started.
16:04:21, 982 fhirpack.pack INFO [ pack.py-57-            __init__() ]  : PACK is not connected to server.
16:04:21, 982 fhirpack.pack INFO [ pack.py-62-            __init__() ]  : pack initialization finished
16:05:03, 918 fhirpack.cli INFO [ cli.py-23-                info() ]  : FHIRPACK: execution started
16:05:03, 918 fhirpack.pack INFO [ pack.py-38-            __init__() ]  : PACK initialization started.
16:05:04, 340 fhirpack.pack INFO [ pack.py-62-            __init__() ]  : pack initialization finished
16:05:07, 420 fhirpack.cli INFO [ cli.py-23-                info() ]  : FHIRPACK: execution ended.
16:05:25, 85 fhirpack.cli INFO [ cli.py-23-                info() ]  : FHIRPACK: execution started
16:05:25, 85 fhirpack.pack INFO [ pack.py-38-            __init__() ]  : PACK initialization started.
16:05:26, 538 fhirpack.pack INFO [ pack.py-62-            __init__() ]  : pack initialization finished
16:05:50, 811 fhirpack.cli INFO [ cli.py-23-                info() ]  : FHIRPACK: execution ended.
16:06:56, 514 fhirpack.pack INFO [ pack.py-38-            __init__() ]  : PACK initialization started.
16:06:57, 427 fhirpack.pack INFO [ pack.py-62-            __init__() ]  : pack initialization finished
16:07:48, 779 fhirpack.pack INFO [ pack.py-38-            __init__() ]  : PACK initialization started.
16:07:49, 414 fhirpack.pack INFO [ pack.py-62-            __init__() ]  : pack initialization finished
16:08:19, 556 fhirpack.pack INFO [ pack.py-38-            __init__() ]  : PACK initialization started.
16:08:20, 289 fhirpack.pack INFO [ pack.py-62-            __init__() ]  : pack initialization finished
16:09:39, 506 fhirpack.pack INFO [ pack.py-38-            __init__() ]  : PACK initialization started.
16:09:40, 493 fhirpack.pack INFO [ pack.py-62-            __init__() ]  : pack initialization finished
17:32:17, 676 __main__ INFO [ cli.py-23-                info() ]  : FHIRPACK: execution started
17:32:17, 676 fhirpack.pack INFO [ pack.py-46-            __init__() ]  : PACK initialization started.
17:32:18, 519 fhirpack.pack INFO [ pack.py-70-            __init__() ]  : pack initialization finished
17:32:24, 390 __main__ INFO [ cli.py-23-                info() ]  : FHIRPACK: execution ended.
17:32:25, 273 fhirpack.cli INFO [ cli.py-23-                info() ]  : FHIRPACK: execution started
17:32:25, 273 fhirpack.pack INFO [ pack.py-46-            __init__() ]  : PACK initialization started.
17:32:25, 371 fhirpack.pack INFO [ pack.py-70-            __init__() ]  : pack initialization finished
17:32:28, 173 fhirpack.cli INFO [ cli.py-23-                info() ]  : FHIRPACK: execution ended.
17:32:40, 216 fhirpack.pack INFO [ pack.py-46-            __init__() ]  : PACK initialization started.
17:32:40, 280 fhirpack.pack INFO [ pack.py-70-            __init__() ]  : pack initialization finished
17:34:09, 385 fhirpack.pack INFO [ pack.py-46-            __init__() ]  : PACK initialization started.
17:34:10, 263 fhirpack.pack INFO [ pack.py-70-            __init__() ]  : pack initialization finished
17:34:19, 773 fhirpack.pack INFO [ pack.py-46-            __init__() ]  : PACK initialization started.
17:34:20, 633 fhirpack.pack INFO [ pack.py-70-            __init__() ]  : pack initialization finished
17:34:34, 873 fhirpack.pack INFO [ pack.py-46-            __init__() ]  : PACK initialization started.
17:34:35, 542 fhirpack.pack INFO [ pack.py-70-            __init__() ]  : pack initialization finished
17:38:16, 869 fhirpack.pack INFO [ pack.py-46-            __init__() ]  : PACK initialization started.
17:38:17, 705 fhirpack.pack INFO [ pack.py-70-            __init__() ]  : pack initialization finished
23:57:31, 105 __main__ INFO [ cli.py-23-                info() ]  : FHIRPACK: execution started
23:57:31, 106 fhirpack.pack INFO [ pack.py-38-            __init__() ]  : PACK initialization started.
23:57:32, 171 fhirpack.pack INFO [ pack.py-60-            __init__() ]  : pack initialization finished
23:57:35, 410 __main__ INFO [ cli.py-23-                info() ]  : FHIRPACK: execution ended.
23:57:36, 278 fhirpack.cli INFO [ cli.py-23-                info() ]  : FHIRPACK: execution started
23:57:36, 278 fhirpack.pack INFO [ pack.py-38-            __init__() ]  : PACK initialization started.
23:57:36, 367 fhirpack.pack INFO [ pack.py-60-            __init__() ]  : pack initialization finished
23:57:38, 865 fhirpack.cli INFO [ cli.py-23-                info() ]  : FHIRPACK: execution ended.
23:57:39, 181 fhirpack.pack INFO [ pack.py-38-            __init__() ]  : PACK initialization started.
23:57:39, 254 fhirpack.pack INFO [ pack.py-60-            __init__() ]  : pack initialization finished
23:57:39, 728 fhirpack.pack INFO [ pack.py-38-            __init__() ]  : PACK initialization started.
23:57:40, 618 fhirpack.pack INFO [ pack.py-60-            __init__() ]  : pack initialization finished
00:08:03, 781 __main__ INFO [ cli.py-23-                info() ]  : FHIRPACK: execution started
00:08:03, 781 fhirpack.pack INFO [ pack.py-38-            __init__() ]  : PACK initialization started.
00:08:05, 18 fhirpack.pack INFO [ pack.py-60-            __init__() ]  : pack initialization finished
00:08:08, 554 __main__ INFO [ cli.py-23-                info() ]  : FHIRPACK: execution ended.
00:08:09, 427 fhirpack.cli INFO [ cli.py-23-                info() ]  : FHIRPACK: execution started
00:08:09, 428 fhirpack.pack INFO [ pack.py-38-            __init__() ]  : PACK initialization started.
00:08:09, 507 fhirpack.pack INFO [ pack.py-60-            __init__() ]  : pack initialization finished
00:08:11, 706 fhirpack.cli INFO [ cli.py-23-                info() ]  : FHIRPACK: execution ended.
00:08:11, 978 fhirpack.pack INFO [ pack.py-38-            __init__() ]  : PACK initialization started.
00:08:12, 45 fhirpack.pack INFO [ pack.py-60-            __init__() ]  : pack initialization finished
00:08:12, 596 fhirpack.pack INFO [ pack.py-38-            __init__() ]  : PACK initialization started.
00:08:13, 361 fhirpack.pack INFO [ pack.py-60-            __init__() ]  : pack initialization finished
00:09:43, 654 fhirpack.pack INFO [ pack.py-38-            __init__() ]  : PACK initialization started.
00:09:44, 409 fhirpack.pack INFO [ pack.py-60-            __init__() ]  : pack initialization finished
00:09:52, 919 __main__ INFO [ cli.py-23-                info() ]  : FHIRPACK: execution started
00:09:52, 919 fhirpack.pack INFO [ pack.py-38-            __init__() ]  : PACK initialization started.
00:09:54, 601 fhirpack.pack INFO [ pack.py-60-            __init__() ]  : pack initialization finished
00:09:58, 635 __main__ INFO [ cli.py-23-                info() ]  : FHIRPACK: execution ended.
00:09:59, 501 fhirpack.cli INFO [ cli.py-23-                info() ]  : FHIRPACK: execution started
00:09:59, 501 fhirpack.pack INFO [ pack.py-38-            __init__() ]  : PACK initialization started.
00:09:59, 584 fhirpack.pack INFO [ pack.py-60-            __init__() ]  : pack initialization finished
00:10:01, 744 fhirpack.cli INFO [ cli.py-23-                info() ]  : FHIRPACK: execution ended.
00:10:01, 996 fhirpack.pack INFO [ pack.py-38-            __init__() ]  : PACK initialization started.
00:10:02, 62 fhirpack.pack INFO [ pack.py-60-            __init__() ]  : pack initialization finished
00:10:02, 580 fhirpack.pack INFO [ pack.py-38-            __init__() ]  : PACK initialization started.
00:10:03, 338 fhirpack.pack INFO [ pack.py-60-            __init__() ]  : pack initialization finished
00:10:48, 200 __main__ INFO [ cli.py-23-                info() ]  : FHIRPACK: execution started
00:10:48, 200 fhirpack.pack INFO [ pack.py-38-            __init__() ]  : PACK initialization started.
00:10:49, 457 fhirpack.pack INFO [ pack.py-60-            __init__() ]  : pack initialization finished
00:10:52, 315 __main__ INFO [ cli.py-23-                info() ]  : FHIRPACK: execution ended.
00:10:53, 258 fhirpack.cli INFO [ cli.py-23-                info() ]  : FHIRPACK: execution started
00:10:53, 258 fhirpack.pack INFO [ pack.py-38-            __init__() ]  : PACK initialization started.
00:10:53, 321 fhirpack.pack INFO [ pack.py-60-            __init__() ]  : pack initialization finished
00:10:53, 407 fhirpack.cli INFO [ cli.py-23-                info() ]  : FHIRPACK: execution ended.
00:10:53, 718 fhirpack.pack INFO [ pack.py-38-            __init__() ]  : PACK initialization started.
00:10:53, 781 fhirpack.pack INFO [ pack.py-60-            __init__() ]  : pack initialization finished
00:10:54, 287 fhirpack.pack INFO [ pack.py-38-            __init__() ]  : PACK initialization started.
00:10:55, 498 fhirpack.pack INFO [ pack.py-60-            __init__() ]  : pack initialization finished
00:12:21, 830 __main__ INFO [ cli.py-23-                info() ]  : FHIRPACK: execution started
00:12:21, 831 fhirpack.pack INFO [ pack.py-38-            __init__() ]  : PACK initialization started.
00:12:22, 949 fhirpack.pack INFO [ pack.py-60-            __init__() ]  : pack initialization finished
00:12:26, 702 __main__ INFO [ cli.py-23-                info() ]  : FHIRPACK: execution ended.
00:12:27, 571 fhirpack.cli INFO [ cli.py-23-                info() ]  : FHIRPACK: execution started
00:12:27, 571 fhirpack.pack INFO [ pack.py-38-            __init__() ]  : PACK initialization started.
00:12:27, 652 fhirpack.pack INFO [ pack.py-60-            __init__() ]  : pack initialization finished
00:12:29, 865 fhirpack.cli INFO [ cli.py-23-                info() ]  : FHIRPACK: execution ended.
00:12:30, 149 fhirpack.pack INFO [ pack.py-38-            __init__() ]  : PACK initialization started.
00:12:30, 213 fhirpack.pack INFO [ pack.py-60-            __init__() ]  : pack initialization finished
00:12:30, 790 fhirpack.pack INFO [ pack.py-38-            __init__() ]  : PACK initialization started.
00:12:31, 782 fhirpack.pack INFO [ pack.py-60-            __init__() ]  : pack initialization finished
13:41:28, 797 __main__ INFO [ cli.py-23-                info() ]  : FHIRPACK: execution started
13:41:28, 797 fhirpack.pack INFO [ pack.py-38-            __init__() ]  : PACK initialization started.
13:41:30, 30 fhirpack.pack INFO [ pack.py-60-            __init__() ]  : pack initialization finished
13:41:37, 42 __main__ INFO [ cli.py-23-                info() ]  : FHIRPACK: execution ended.
13:41:37, 977 fhirpack.cli INFO [ cli.py-23-                info() ]  : FHIRPACK: execution started
13:41:37, 977 fhirpack.pack INFO [ pack.py-38-            __init__() ]  : PACK initialization started.
13:41:38, 148 fhirpack.pack INFO [ pack.py-60-            __init__() ]  : pack initialization finished
13:41:40, 667 fhirpack.cli INFO [ cli.py-23-                info() ]  : FHIRPACK: execution ended.
13:41:40, 938 fhirpack.pack INFO [ pack.py-38-            __init__() ]  : PACK initialization started.
13:41:41, 4 fhirpack.pack INFO [ pack.py-60-            __init__() ]  : pack initialization finished
13:41:41, 480 fhirpack.pack INFO [ pack.py-38-            __init__() ]  : PACK initialization started.
13:41:42, 375 fhirpack.pack INFO [ pack.py-60-            __init__() ]  : pack initialization finished
13:43:37, 882 __main__ INFO [ cli.py-23-                info() ]  : FHIRPACK: execution started
13:43:37, 882 fhirpack.pack INFO [ pack.py-38-            __init__() ]  : PACK initialization started.
13:43:39, 241 fhirpack.pack INFO [ pack.py-60-            __init__() ]  : pack initialization finished
13:43:42, 583 __main__ INFO [ cli.py-23-                info() ]  : FHIRPACK: execution ended.
13:43:43, 512 fhirpack.cli INFO [ cli.py-23-                info() ]  : FHIRPACK: execution started
13:43:43, 512 fhirpack.pack INFO [ pack.py-38-            __init__() ]  : PACK initialization started.
13:43:43, 591 fhirpack.pack INFO [ pack.py-60-            __init__() ]  : pack initialization finished
13:43:45, 758 fhirpack.cli INFO [ cli.py-23-                info() ]  : FHIRPACK: execution ended.
13:43:46, 14 fhirpack.pack INFO [ pack.py-38-            __init__() ]  : PACK initialization started.
13:43:46, 75 fhirpack.pack INFO [ pack.py-60-            __init__() ]  : pack initialization finished
13:43:46, 512 fhirpack.pack INFO [ pack.py-38-            __init__() ]  : PACK initialization started.
13:43:47, 505 fhirpack.pack INFO [ pack.py-60-            __init__() ]  : pack initialization finished
13:56:47, 567 __main__ INFO [ cli.py-23-                info() ]  : FHIRPACK: execution started
13:56:47, 567 fhirpack.pack INFO [ pack.py-38-            __init__() ]  : PACK initialization started.
13:56:48, 461 fhirpack.pack INFO [ pack.py-60-            __init__() ]  : pack initialization finished
13:56:52, 132 __main__ INFO [ cli.py-23-                info() ]  : FHIRPACK: execution ended.
13:56:52, 956 fhirpack.cli INFO [ cli.py-23-                info() ]  : FHIRPACK: execution started
13:56:52, 956 fhirpack.pack INFO [ pack.py-38-            __init__() ]  : PACK initialization started.
13:56:53, 33 fhirpack.pack INFO [ pack.py-60-            __init__() ]  : pack initialization finished
13:56:55, 211 fhirpack.cli INFO [ cli.py-23-                info() ]  : FHIRPACK: execution ended.
13:56:55, 466 fhirpack.pack INFO [ pack.py-38-            __init__() ]  : PACK initialization started.
13:56:55, 526 fhirpack.pack INFO [ pack.py-60-            __init__() ]  : pack initialization finished
13:56:55, 961 fhirpack.pack INFO [ pack.py-38-            __init__() ]  : PACK initialization started.
13:56:56, 918 fhirpack.pack INFO [ pack.py-60-            __init__() ]  : pack initialization finished
18:43:50, 362 fhirpack.pack INFO [ pack.py-38-            __init__() ]  : PACK initialization started.
18:44:50, 847 fhirpack.pack INFO [ pack.py-57-            __init__() ]  : PACK is not connected to server.
18:44:50, 847 fhirpack.pack INFO [ pack.py-60-            __init__() ]  : pack initialization finished
18:45:39, 790 fhirpack.pack INFO [ pack.py-38-            __init__() ]  : PACK initialization started.
18:45:40, 133 fhirpack.pack INFO [ pack.py-60-            __init__() ]  : pack initialization finished
18:47:29, 989 __main__ INFO [ cli.py-23-                info() ]  : FHIRPACK: execution started
18:47:29, 989 fhirpack.pack INFO [ pack.py-38-            __init__() ]  : PACK initialization started.
18:47:31, 102 fhirpack.pack INFO [ pack.py-60-            __init__() ]  : pack initialization finished
18:47:34, 204 __main__ INFO [ cli.py-23-                info() ]  : FHIRPACK: execution ended.
18:48:12, 55 fhirpack.pack INFO [ pack.py-38-            __init__() ]  : PACK initialization started.
18:48:13, 364 fhirpack.pack INFO [ pack.py-60-            __init__() ]  : pack initialization finished
18:49:07, 246 __main__ INFO [ cli.py-23-                info() ]  : FHIRPACK: execution started
18:49:07, 246 fhirpack.pack INFO [ pack.py-38-            __init__() ]  : PACK initialization started.
18:49:08, 146 fhirpack.pack INFO [ pack.py-60-            __init__() ]  : pack initialization finished
18:49:10, 875 __main__ INFO [ cli.py-23-                info() ]  : FHIRPACK: execution ended.
18:49:11, 749 fhirpack.cli INFO [ cli.py-23-                info() ]  : FHIRPACK: execution started
18:49:11, 749 fhirpack.pack INFO [ pack.py-38-            __init__() ]  : PACK initialization started.
18:49:11, 754 fhirpack.pack INFO [ pack.py-57-            __init__() ]  : PACK is not connected to server.
18:49:11, 754 fhirpack.pack INFO [ pack.py-60-            __init__() ]  : pack initialization finished
18:49:12, 29 fhirpack.pack INFO [ pack.py-38-            __init__() ]  : PACK initialization started.
18:49:12, 35 fhirpack.pack INFO [ pack.py-57-            __init__() ]  : PACK is not connected to server.
18:49:12, 36 fhirpack.pack INFO [ pack.py-60-            __init__() ]  : pack initialization finished
19:31:20, 737 __main__ INFO [ cli.py-23-                info() ]  : FHIRPACK: execution started
19:31:20, 737 fhirpack.pack INFO [ pack.py-38-            __init__() ]  : PACK initialization started.
19:31:21, 925 fhirpack.pack INFO [ pack.py-60-            __init__() ]  : pack initialization finished
19:31:25, 170 __main__ INFO [ cli.py-23-                info() ]  : FHIRPACK: execution ended.
19:31:26, 140 fhirpack.cli INFO [ cli.py-23-                info() ]  : FHIRPACK: execution started
19:31:26, 140 fhirpack.pack INFO [ pack.py-38-            __init__() ]  : PACK initialization started.
19:31:26, 480 fhirpack.pack INFO [ pack.py-60-            __init__() ]  : pack initialization finished
19:31:29, 511 fhirpack.cli INFO [ cli.py-23-                info() ]  : FHIRPACK: execution ended.
19:31:29, 768 fhirpack.pack INFO [ pack.py-38-            __init__() ]  : PACK initialization started.
19:31:29, 859 fhirpack.pack INFO [ pack.py-60-            __init__() ]  : pack initialization finished
19:31:30, 382 fhirpack.pack INFO [ pack.py-38-            __init__() ]  : PACK initialization started.
19:31:31, 492 fhirpack.pack INFO [ pack.py-60-            __init__() ]  : pack initialization finished
19:56:07, 340 __main__ INFO [ cli.py-23-                info() ]  : FHIRPACK: execution started
19:56:07, 340 fhirpack.pack INFO [ pack.py-38-            __init__() ]  : PACK initialization started.
19:56:08, 234 fhirpack.pack INFO [ pack.py-60-            __init__() ]  : pack initialization finished
19:56:10, 940 __main__ INFO [ cli.py-23-                info() ]  : FHIRPACK: execution ended.
19:56:11, 833 fhirpack.cli INFO [ cli.py-23-                info() ]  : FHIRPACK: execution started
19:56:11, 833 fhirpack.pack INFO [ pack.py-38-            __init__() ]  : PACK initialization started.
19:56:11, 916 fhirpack.pack INFO [ pack.py-60-            __init__() ]  : pack initialization finished
19:56:14, 236 fhirpack.cli INFO [ cli.py-23-                info() ]  : FHIRPACK: execution ended.
19:56:14, 494 fhirpack.pack INFO [ pack.py-38-            __init__() ]  : PACK initialization started.
19:56:14, 569 fhirpack.pack INFO [ pack.py-60-            __init__() ]  : pack initialization finished
19:56:15, 10 fhirpack.pack INFO [ pack.py-38-            __init__() ]  : PACK initialization started.
19:56:15, 927 fhirpack.pack INFO [ pack.py-60-            __init__() ]  : pack initialization finished
14:18:10, 733 __main__ INFO [ cli.py-23-                info() ]  : FHIRPACK: execution started
14:18:10, 734 fhirpack.pack INFO [ pack.py-38-            __init__() ]  : PACK initialization started.
14:18:12, 56 fhirpack.pack INFO [ pack.py-60-            __init__() ]  : pack initialization finished
14:18:15, 870 __main__ INFO [ cli.py-23-                info() ]  : FHIRPACK: execution ended.
14:18:16, 779 fhirpack.cli INFO [ cli.py-23-                info() ]  : FHIRPACK: execution started
14:18:16, 780 fhirpack.pack INFO [ pack.py-38-            __init__() ]  : PACK initialization started.
14:18:16, 784 fhirpack.pack INFO [ pack.py-57-            __init__() ]  : PACK is not connected to server.
14:18:16, 784 fhirpack.pack INFO [ pack.py-60-            __init__() ]  : pack initialization finished
14:18:17, 59 fhirpack.pack INFO [ pack.py-38-            __init__() ]  : PACK initialization started.
14:18:17, 64 fhirpack.pack INFO [ pack.py-57-            __init__() ]  : PACK is not connected to server.
14:18:17, 64 fhirpack.pack INFO [ pack.py-60-            __init__() ]  : pack initialization finished
14:18:38, 624 __main__ INFO [ cli.py-23-                info() ]  : FHIRPACK: execution started
14:18:38, 624 fhirpack.pack INFO [ pack.py-38-            __init__() ]  : PACK initialization started.
14:18:39, 473 fhirpack.pack INFO [ pack.py-60-            __init__() ]  : pack initialization finished
14:18:40, 925 __main__ INFO [ cli.py-23-                info() ]  : FHIRPACK: execution ended.
14:18:41, 902 fhirpack.cli INFO [ cli.py-23-                info() ]  : FHIRPACK: execution started
14:18:41, 902 fhirpack.pack INFO [ pack.py-38-            __init__() ]  : PACK initialization started.
14:18:57, 429 fhirpack.pack INFO [ pack.py-60-            __init__() ]  : pack initialization finished
14:19:00, 576 fhirpack.cli INFO [ cli.py-23-                info() ]  : FHIRPACK: execution ended.
14:19:00, 911 fhirpack.pack INFO [ pack.py-38-            __init__() ]  : PACK initialization started.
14:19:01, 68 fhirpack.pack INFO [ pack.py-60-            __init__() ]  : pack initialization finished
14:19:01, 704 fhirpack.pack INFO [ pack.py-38-            __init__() ]  : PACK initialization started.
14:19:02, 755 fhirpack.pack INFO [ pack.py-60-            __init__() ]  : pack initialization finished
